[Predicate]
55faf7c66667: mov dword ptr [rbp-0x10], 0x0
55faf7c6666e: jmp 0x55faf7c666a4
[Body]
55faf7c66670: nop 
55faf7c66671: mov eax, eax
55faf7c66673: nop 
55faf7c66674: mov eax, eax
55faf7c66676: nop 
55faf7c66677: mov dword ptr [rbp-0xc], 0xa
55faf7c6667e: jmp 0x55faf7c6669a
55faf7c66680: mov eax, dword ptr [rbp-0xc]
55faf7c66683: mov esi, eax
55faf7c66685: lea rdi, ptr [rip+0xd8]
55faf7c6668c: mov eax, 0x0
55faf7c66691: call 0x55faf7c66530
55faf7c66696: sub dword ptr [rbp-0xc], 0x1
55faf7c6669a: cmp dword ptr [rbp-0xc], 0x0
55faf7c6669e: jnle 0x55faf7c66680
55faf7c666a0: add dword ptr [rbp-0x10], 0x1
[Condition]
55faf7c666a4: cmp dword ptr [rbp-0x10], 0x9
55faf7c666a8: jle 0x55faf7c66670

[Predicate]
55faf7c66677: mov dword ptr [rbp-0xc], 0xa
55faf7c6667e: jmp 0x55faf7c6669a
[Body]
55faf7c66680: mov eax, dword ptr [rbp-0xc]
55faf7c66683: mov esi, eax
55faf7c66685: lea rdi, ptr [rip+0xd8]
55faf7c6668c: mov eax, 0x0
55faf7c66691: call 0x55faf7c66530
55faf7c66696: sub dword ptr [rbp-0xc], 0x1
[Condition]
55faf7c6669a: cmp dword ptr [rbp-0xc], 0x0
55faf7c6669e: jnle 0x55faf7c66680

[Predicate]
55faf7c666b1: mov dword ptr [rbp-0x8], 0xa
55faf7c666b8: mov dword ptr [rbp-0x4], 0x32
55faf7c666bf: jmp 0x55faf7c666c5
[Body]
55faf7c666c1: add dword ptr [rbp-0x8], 0x1
[Condition]
55faf7c666c5: cmp dword ptr [rbp-0x8], 0x13
55faf7c666c9: jle 0x55faf7c666c1

